tcp        0      0 electra.ujo.guru:38530  104.18.32.118:https     TIME_WAIT  
tcp        0      0 electra.ujo.guru:58406  roima:ssh               ESTABLISHED
tcp        0      0 electra.ujo.guru:60426  13.107.213.53:http      TIME_WAIT  
tcp        0      0 electra.ujo.guru:54262  ipv4.mirrors.nic.f:http TIME_WAIT  
tcp        0      0 electra.ujo.guru:44632  server-18-165-122:https TIME_WAIT  
tcp        0      0 electra.ujo.guru:41704  server-108-156-22:https TIME_WAIT  
tcp        0      0 electra.ujo.guru:60904  82.221.107.34.bc.g:http TIME_WAIT  
tcp        0      0 electra.ujo.guru:41052  191.144.160.34.bc:https TIME_WAIT  
tcp        0      0 electra.ujo.guru:57570  server-13-33-243-:https TIME_WAIT  
tcp        0      0 electra.ujo.guru:38626  download.sublimet:https TIME_WAIT  
tcp        0      0 electra.ujo.guru:60890  82.221.107.34.bc.g:http TIME_WAIT  
tcp        0      0 electra.ujo.guru:53698  13.107.213.53:https     TIME_WAIT  
tcp        0      0 electra.ujo.guru:56052  209.100.149.34.bc:https TIME_WAIT  
tcp        0      0 electra.ujo.guru:51042  140.227.186.35.bc:https TIME_WAIT  
tcp        0      0 electra.ujo.guru:36302  a62-145-163-105.de:http TIME_WAIT  
tcp        0      0 electra.ujo.guru:38552  ubuntu-mirror-1.ps:http TIME_WAIT  
tcp        0      0 electra.ujo.guru:50704  canonical-archive-:http TIME_WAIT  
tcp        0      0 electra.ujo.guru:35308  93.243.107.34.bc.:https TIME_WAIT  
tcp        0      0 electra.ujo.guru:56842  2.163.76.34.bc.go:https TIME_WAIT  
tcp        0      0 electra.ujo.guru:39854  roima:ssh               ESTABLISHED
tcp        0      0 electra.ujo.guru:37958  a23-43-108-86.depl:http TIME_WAIT  
tcp        0      0 electra.ujo.guru:59798  104.16.218.108:https    TIME_WAIT  
tcp        0      0 electra.ujo.guru:32856  tutankhamon.ftp.ac:http TIME_WAIT  
tcp        0      0 electra.ujo.guru:50862  168.207.110.34.bc:https TIME_WAIT  
tcp        0      0 electra.ujo.guru:33582  ppa.launchpadconte:http TIME_WAIT  
tcp        0      0 electra.ujo.guru:39872  roima:ssh               ESTABLISHED
tcp        0      0 electra.ujo.guru:39868  roima:ssh               ESTABLISHED
udp        0      0 electra.ujo.guru:bootpc router:bootps           ESTABLISHED
